2024-05-11 01:53:42.477 [info] Reading sessions from keychain...
2024-05-11 01:53:42.685 [info] Getting sessions for read:user,repo,user:email,workflow...
2024-05-11 01:53:42.685 [info] Got 0 sessions for read:user,repo,user:email,workflow...
2024-05-11 01:53:52.154 [info] Getting sessions for all scopes...
2024-05-11 01:53:52.154 [info] Got 0 sessions for ...
2024-05-11 02:22:52.531 [info] Getting sessions for read:user,repo,user:email,workflow...
2024-05-11 02:22:52.541 [info] Got 0 sessions for read:user,repo,user:email,workflow...
2024-05-11 02:23:59.365 [info] Getting sessions for read:user,repo,user:email,workflow...
2024-05-11 02:23:59.365 [info] Got 0 sessions for read:user,repo,user:email,workflow...
2024-05-11 02:42:28.882 [info] Getting sessions for read:user,repo,user:email,workflow...
2024-05-11 02:42:28.882 [info] Got 0 sessions for read:user,repo,user:email,workflow...
2024-05-11 02:42:31.679 [info] Logging in for the following scopes: read:user repo user:email workflow
2024-05-11 02:42:32.241 [info] Trying device code flow... (read:user repo user:email workflow)
2024-05-11 02:43:02.776 [info] Getting user info...
2024-05-11 02:43:02.928 [info] Got account info!
2024-05-11 02:43:02.928 [info] Storing 1 sessions...
2024-05-11 02:43:03.059 [info] Reading sessions from keychain...
2024-05-11 02:43:03.059 [info] Stored 1 sessions!
2024-05-11 02:43:03.059 [info] Login success!
2024-05-11 02:43:03.191 [info] Got stored sessions!
2024-05-11 02:43:03.191 [info] Got 1 verified sessions.
2024-05-11 02:50:24.738 [info] Getting sessions for read:user,repo,user:email,workflow...
2024-05-11 02:50:24.738 [info] Got 1 sessions for read:user,repo,user:email,workflow...
2024-05-11 02:51:27.242 [info] Getting sessions for read:user,repo,user:email,workflow...
2024-05-11 02:51:27.242 [info] Got 1 sessions for read:user,repo,user:email,workflow...
