Initializing document watcher...
Document watcher initialized
matheuspedroso5931/Tests/7_formula_bhaskara.bash: {}
matheuspedroso5931/Tests/6_recebe_numero_tabuada.bash: {}
matheuspedroso5931/Tests/7_formula_bhaskara.bash: {}
matheuspedroso5931/Tests/7_formula_bhaskara.bash: Using EditorConfig core...
matheuspedroso5931/src/7_formula_bhaskara.sh: {}
matheuspedroso5931/src/7_formula_bhaskara.sh: {}
matheuspedroso5931/src/7_formula_bhaskara.sh: {}
matheuspedroso5931/src/7_formula_bhaskara.sh: {}
matheuspedroso5931/src/7_formula_bhaskara.sh: Using EditorConfig core...
matheuspedroso5931/Tests/7_formula_bhaskara.bash: {}
matheuspedroso5931/Tests/7_formula_bhaskara.bash: {}
matheuspedroso5931/Tests/7_formula_bhaskara.bash: Using EditorConfig core...
matheuspedroso5931/Tests/7_formula_bhaskara.bash: Using EditorConfig core...
matheuspedroso5931/Tests/7_formula_bhaskara.bash: Using EditorConfig core...
matheuspedroso5931/Tests/7_formula_bhaskara.bash: Using EditorConfig core...
matheuspedroso5931/Tests/7_formula_bhaskara.bash: Using EditorConfig core...
matheuspedroso5931/Tests/7_formula_bhaskara.bash: Using EditorConfig core...
matheuspedroso5931/Tests/7_formula_bhaskara.bash: Using EditorConfig core...
matheuspedroso5931/Tests/7_formula_bhaskara.bash: Using EditorConfig core...
matheuspedroso5931/Tests/7_formula_bhaskara.bash: Using EditorConfig core...
matheuspedroso5931/Tests/7_formula_bhaskara.bash: Using EditorConfig core...
matheuspedroso5931/Tests/7_formula_bhaskara.bash: Using EditorConfig core...
matheuspedroso5931/Tests/7_formula_bhaskara.bash: Using EditorConfig core...
matheuspedroso5931/Tests/7_formula_bhaskara.bash: Using EditorConfig core...
matheuspedroso5931/Tests/7_formula_bhaskara.bash: Using EditorConfig core...
matheuspedroso5931/Tests/7_formula_bhaskara.bash: Using EditorConfig core...
matheuspedroso5931/Tests/7_formula_bhaskara.bash: Using EditorConfig core...
matheuspedroso5931/Tests/7_formula_bhaskara.bash: Using EditorConfig core...
matheuspedroso5931/Tests/7_formula_bhaskara.bash: {}
matheuspedroso5931/Tests/test/bats/bin/bats: {"insertSpaces":true,"tabSize":2}
matheuspedroso5931/Tests/7_formula_bhaskara.bash: {}
matheuspedroso5931/Tests/7_formula_bhaskara.bash: {}
matheuspedroso5931/Tests/7_formula_bhaskara.bash: {}
matheuspedroso5931/src/7_formula_bhaskara.sh: {}
matheuspedroso5931/src/7_formula_bhaskara.sh: Using EditorConfig core...
matheuspedroso5931/src/7_formula_bhaskara.sh: Using EditorConfig core...
undefined: {}
matheuspedroso5931/src/7_formula_bhaskara.sh: {}
matheuspedroso5931/README-cloudshell.txt: {}
matheuspedroso5931/src/7_formula_bhaskara.sh: {}
matheuspedroso5931/Tests/7_formula_bhaskara.bash: {}
matheuspedroso5931/Tests/6_recebe_numero_tabuada.bash: {}
matheuspedroso5931/Tests/7_formula_bhaskara.bash: {}
matheuspedroso5931/Tests/7_formula_bhaskara.bash: {}
matheuspedroso5931/Tests/7_formula_bhaskara.bash: {}
matheuspedroso5931/Tests/7_formula_bhaskara.bash: Using EditorConfig core...
matheuspedroso5931/Tests/7_formula_bhaskara.bash: {}
matheuspedroso5931/src/7_formula_bhaskara.sh: {}
matheuspedroso5931/src/7_formula_bhaskara.sh: {}
matheuspedroso5931/src/7_formula_bhaskara.sh: {}
matheuspedroso5931/src/7_formula_bhaskara.sh: Using EditorConfig core...
matheuspedroso5931/src/7_formula_bhaskara.sh: {}
matheuspedroso5931/src/7_formula_bhaskara.sh: Using EditorConfig core...
matheuspedroso5931/Tests/7_formula_bhaskara.bash: {}
matheuspedroso5931/src/7_formula_bhaskara.sh: {}
matheuspedroso5931/Tests/7_formula_bhaskara.bash: {}
matheuspedroso5931/Tests/6_recebe_numero_tabuada.bash: {}
matheuspedroso5931/Tests/7_formula_bhaskara.bash: {}
matheuspedroso5931/Tests/7_formula_bhaskara.bash: {}
matheuspedroso5931/Tests/7_formula_bhaskara.bash: {}
matheuspedroso5931/Tests/7_formula_bhaskara.bash: {}
matheuspedroso5931/Tests/7_formula_bhaskara.bash: {}
matheuspedroso5931/Tests/7_formula_bhaskara.bash: {}
matheuspedroso5931/Tests/7_formula_bhaskara.bash: {}
matheuspedroso5931/Tests/7_formula_bhaskara.bash: {}
matheuspedroso5931/Tests/7_formula_bhaskara.bash: {}
matheuspedroso5931/bin/bats: {}
matheuspedroso5931/Tests/7_formula_bhaskara.bash: {}
matheuspedroso5931/bin/bats: {}
matheuspedroso5931/Tests/7_formula_bhaskara.bash: {}
matheuspedroso5931/Tests/7_formula_bhaskara.bash: {}
matheuspedroso5931/Tests/7_formula_bhaskara.bash: {}
matheuspedroso5931/Tests/7_formula_bhaskara.bash: {}
matheuspedroso5931/Tests/7_formula_bhaskara.bash: {}
matheuspedroso5931/Tests/7_formula_bhaskara.bash: {}
matheuspedroso5931/Tests/7_formula_bhaskara.bash: {}
matheuspedroso5931/Tests/7_formula_bhaskara.bash: {}
matheuspedroso5931/Tests/1_metade_numero.bash: {}
matheuspedroso5931/1_metade_numero.bash: {}
matheuspedroso5931/7_formula_bhaskara.bash: {}
matheuspedroso5931/6_recebe_numero_tabuada.bash: {}
matheuspedroso5931/src/7_formula_bhaskara.sh: {}
matheuspedroso5931/7_formula_bhaskara.bash: {}
matheuspedroso5931/7_formula_bhaskara.bash: {}
matheuspedroso5931/7_formula_bhaskara.bash: Using EditorConfig core...
matheuspedroso5931/src/7_formula_bhaskara.sh: {}
matheuspedroso5931/7_formula_bhaskara.bash: {}
matheuspedroso5931/src/7_formula_bhaskara.sh: {}
matheuspedroso5931/src/7_formula_bhaskara.sh: {}
matheuspedroso5931/src/7_formula_bhaskara.sh: Using EditorConfig core...
matheuspedroso5931/src/7_formula_bhaskara.sh: {}
matheuspedroso5931/src/7_formula_bhaskara.sh: {}
matheuspedroso5931/src/7_formula_bhaskara.sh: Using EditorConfig core...
matheuspedroso5931/src/7_formula_bhaskara.sh: Using EditorConfig core...
matheuspedroso5931/src/7_formula_bhaskara.sh: {}
matheuspedroso5931/src/7_formula_bhaskara.sh: Using EditorConfig core...
matheuspedroso5931/src/7_formula_bhaskara.sh: {}
matheuspedroso5931/src/7_formula_bhaskara.sh: Using EditorConfig core...
matheuspedroso5931/src/7_formula_bhaskara.sh: Using EditorConfig core...
matheuspedroso5931/src/7_formula_bhaskara.sh: Using EditorConfig core...
matheuspedroso5931/src/7_formula_bhaskara.sh: Using EditorConfig core...
matheuspedroso5931/src/7_formula_bhaskara.sh: Using EditorConfig core...
matheuspedroso5931/src/7_formula_bhaskara.sh: {}
matheuspedroso5931/src/7_formula_bhaskara.sh: {}
matheuspedroso5931/README-cloudshell.txt: {}
matheuspedroso5931/7_formula_bhaskara.bash: {}
matheuspedroso5931/test/7_formula_bhaskara.bash: {}
matheuspedroso5931/test/7_formula_bhaskara.bash: Using EditorConfig core...
matheuspedroso5931/test/7_formula_bhaskara.bash: Using EditorConfig core...
matheuspedroso5931/test/7_formula_bhaskara.bash: {}
matheuspedroso5931/test/7_formula_bhaskara.bash: {}
matheuspedroso5931/src/7_formula_bhaskara.sh: {}
matheuspedroso5931/src/6_recebe_numero_tabuada.sh: {}
matheuspedroso5931/test/6_recebe_numero_tabuada.bash: {}
matheuspedroso5931/test/7_formula_bhaskara.bash: {}
matheuspedroso5931/test/7_formula_bhaskara.bash: Using EditorConfig core...
matheuspedroso5931/test/bats/bin/bats: {"insertSpaces":true,"tabSize":2}
matheuspedroso5931/test/7_formula_bhaskara.bash: {}
matheuspedroso5931/test/7_formula_bhaskara.bash: Using EditorConfig core...
matheuspedroso5931/test/7_formula_bhaskara.bash: Using EditorConfig core...
matheuspedroso5931/test/7_formula_bhaskara.bash: Using EditorConfig core...
matheuspedroso5931/test/7_formula_bhaskara.bash: {}
matheuspedroso5931/test/7_formula_bhaskara.bash: Using EditorConfig core...
matheuspedroso5931/src/6_recebe_numero_tabuada.sh: {}
matheuspedroso5931/test/6_recebe_numero_tabuada.bash: {}
matheuspedroso5931/test/7_formula_bhaskara.bash: {}
matheuspedroso5931/test/7_formula_bhaskara.bash: Using EditorConfig core...
matheuspedroso5931/test/7_formula_bhaskara.bash: {}
matheuspedroso5931/test/7_formula_bhaskara.bash: Using EditorConfig core...
matheuspedroso5931/test/7_formula_bhaskara.bash: Using EditorConfig core...
matheuspedroso5931/test/7_formula_bhaskara.bash: Using EditorConfig core...
matheuspedroso5931/test/7_formula_bhaskara.bash: {}
matheuspedroso5931/test/7_formula_bhaskara.bash: Using EditorConfig core...
matheuspedroso5931/test/1_metade_numero.bash: {}
matheuspedroso5931/test/1_metade_numero.bash: {}
matheuspedroso5931/test/1_metade_numero.bash: {}
matheuspedroso5931/test/1_metade_numero.bash: {}
matheuspedroso5931/test/2_soma_tres_numero.bash: {}
matheuspedroso5931/test/2_soma_tres_numero.bash: {}
matheuspedroso5931/test/1_metade_numero.bash: {}
matheuspedroso5931/test/1_metade_numero.bash: {}
matheuspedroso5931/test/1_metade_numero.bash: {}
matheuspedroso5931/test/3_media_quatro_numeros.bash: {}
matheuspedroso5931/test/3_media_quatro_numeros.bash: {}
matheuspedroso5931/test/4_calcula_area.bash: {}
matheuspedroso5931/test/4_calcula_area.bash: {}
matheuspedroso5931/test/5_calcula_circulo.bash: {}
No more open editors.
matheuspedroso5931/test/6_recebe_numero_tabuada.bash: {}
No more open editors.
matheuspedroso5931/test/7_formula_bhaskara.bash: {}
matheuspedroso5931/test/7_formula_bhaskara.bash: {}
No more open editors.
No more open editors.
No more open editors.
matheuspedroso5931/test/1_metade_numero.bash: {}
matheuspedroso5931/teste/1_metade_numero.bash: {}
matheuspedroso5931/teste/1_metade_numero.bash: {}
matheuspedroso5931/teste/1_metade_numero.bash: {}
matheuspedroso5931/teste/1_metade_numero.bash: {}
matheuspedroso5931/teste/7_formula_bhaskara.bash: {}
matheuspedroso5931/test/7_formula_bhaskara.bash: {}
vscode.git.Git: {}
vscode.git.Git: {}
matheuspedroso5931/test/7_formula_bhaskara.bash: {}
/git-error-1715395394750: {}
/git-error-1715395394750: {}
/git-error-1715395449107: {}
/git-error-1715395490817: {}
/git-error-1715395490817: {}
vscode.git.Git: {}
/git-error-1715395490817: {}
/git-error-1715395490817: {}
/git-error-1715395490817: {}
/git-error-1715395490817: {}
/git-error-1715395490817: {}
/git-error-1715395490817: {}
/git-error-1715395490817: {}
/git-error-1715395490817: {}
/git-error-1715395490817: {}
/git-error-1715395490817: {}
/git-error-1715395490817: {}
/git-error-1715395490817: {}
/git-error-1715395490817: {}
/git-error-1715395490817: {}
/git-error-1715395490817: {}
/git-error-1715395490817: {}
/git-error-1715395490817: {}
/git-error-1715395490817: {}
