2024-05-11 00:00:47.462 [info] Nível de log: Info
2024-05-11 00:00:47.462 [info] Validando o git encontrado em: git
2024-05-11 00:00:47.462 [info] Usando git ''2.34.1'' de ''git''
2024-05-11 00:00:47.462 [info] > git rev-parse --show-toplevel [2ms]
2024-05-11 00:00:47.462 [info] fatal: not a git repository (or any parent up to mount point /)
Stopping at filesystem boundary (GIT_DISCOVERY_ACROSS_FILESYSTEM not set).
2024-05-11 00:00:47.462 [info] > git rev-parse --show-toplevel [2ms]
2024-05-11 00:00:47.462 [info] > git rev-parse --git-dir --git-common-dir [2ms]
2024-05-11 00:00:47.462 [info] Open repository: /home/matheuspedroso5931/Tests
2024-05-11 00:00:47.462 [info] > git config --get commit.template [58ms]
2024-05-11 00:00:47.462 [info] > git rev-parse --show-toplevel [53ms]
2024-05-11 00:00:47.462 [info] fatal: not a git repository (or any parent up to mount point /)
Stopping at filesystem boundary (GIT_DISCOVERY_ACROSS_FILESYSTEM not set).
2024-05-11 00:00:47.462 [info] No remotes found in the git config file.
2024-05-11 00:00:47.462 [info] > git for-each-ref --format=%(refname)%00%(upstream:short)%00%(objectname)%00%(upstream:track)%00%(upstream:remotename)%00%(upstream:remoteref) refs/heads/master refs/remotes/master [11ms]
2024-05-11 00:00:47.462 [info] > git rev-parse --show-toplevel [15ms]
2024-05-11 00:00:47.462 [info] fatal: not a git repository (or any parent up to mount point /)
Stopping at filesystem boundary (GIT_DISCOVERY_ACROSS_FILESYSTEM not set).
2024-05-11 00:00:47.466 [info] > git rev-parse --show-toplevel [4ms]
2024-05-11 00:00:47.466 [info] fatal: not a git repository (or any parent up to mount point /)
Stopping at filesystem boundary (GIT_DISCOVERY_ACROSS_FILESYSTEM not set).
2024-05-11 00:00:47.480 [info] > git status -z -uall [67ms]
2024-05-11 00:00:47.490 [info] > git rev-parse --show-toplevel [13ms]
2024-05-11 00:00:47.490 [info] fatal: not a git repository (or any parent up to mount point /)
Stopping at filesystem boundary (GIT_DISCOVERY_ACROSS_FILESYSTEM not set).
2024-05-11 00:00:47.508 [info] > git config --get commit.template [9ms]
2024-05-11 00:00:47.509 [info] > git rev-parse --show-toplevel [3ms]
2024-05-11 00:00:47.509 [info] fatal: not a git repository (or any parent up to mount point /)
Stopping at filesystem boundary (GIT_DISCOVERY_ACROSS_FILESYSTEM not set).
2024-05-11 00:00:47.517 [info] No remotes found in the git config file.
2024-05-11 00:00:47.532 [info] > git for-each-ref --format=%(refname)%00%(upstream:short)%00%(objectname)%00%(upstream:track)%00%(upstream:remotename)%00%(upstream:remoteref) refs/heads/master refs/remotes/master [15ms]
2024-05-11 00:00:47.547 [info] > git rev-parse --show-toplevel [22ms]
2024-05-11 00:00:47.547 [info] fatal: not a git repository (or any parent up to mount point /)
Stopping at filesystem boundary (GIT_DISCOVERY_ACROSS_FILESYSTEM not set).
2024-05-11 00:00:47.573 [info] > git rev-parse --show-toplevel [15ms]
2024-05-11 00:00:47.573 [info] fatal: not a git repository (or any parent up to mount point /)
Stopping at filesystem boundary (GIT_DISCOVERY_ACROSS_FILESYSTEM not set).
2024-05-11 00:00:47.596 [info] > git status -z -uall [57ms]
2024-05-11 00:00:47.596 [info] > git rev-parse --show-toplevel [12ms]
2024-05-11 00:00:47.596 [info] fatal: not a git repository (or any parent up to mount point /)
Stopping at filesystem boundary (GIT_DISCOVERY_ACROSS_FILESYSTEM not set).
2024-05-11 00:00:47.755 [info] > git log --format=%H%n%aN%n%aE%n%at%n%ct%n%P%n%D%n%B -z -n120 -- /home/matheuspedroso5931/Tests/2_soma_tres_numero.bash [11ms]
2024-05-11 00:00:47.756 [info] fatal: your current branch 'master' does not have any commits yet
2024-05-11 00:00:48.057 [info] > git check-ignore -v -z --stdin [2ms]
2024-05-11 00:00:48.119 [info] > git show --textconv :2_soma_tres_numero.bash [18ms]
2024-05-11 00:00:48.122 [info] > git rev-parse --show-toplevel [4ms]
2024-05-11 00:00:48.123 [info] > git ls-files --stage -- /home/matheuspedroso5931/Tests/2_soma_tres_numero.bash [12ms]
2024-05-11 00:00:48.134 [info] > git rev-parse --git-dir --git-common-dir [1ms]
2024-05-11 00:00:48.139 [info] Open repository: /home/matheuspedroso5931/Tests/test/bats
2024-05-11 00:00:48.158 [info] > git config --get commit.template [9ms]
2024-05-11 00:00:48.179 [info] > git rev-parse --show-toplevel [22ms]
2024-05-11 00:00:48.188 [info] > git for-each-ref --format=%(refname)%00%(upstream:short)%00%(objectname)%00%(upstream:track)%00%(upstream:remotename)%00%(upstream:remoteref) refs/heads/master refs/remotes/master [11ms]
2024-05-11 00:00:48.198 [info] > git rev-parse --git-dir --git-common-dir [11ms]
2024-05-11 00:00:48.205 [info] Open repository: /home/matheuspedroso5931/Tests/test/test_helper/bats-support
2024-05-11 00:00:48.232 [info] > git status -z -uall [35ms]
2024-05-11 00:00:48.232 [info] > git config --get commit.template [14ms]
2024-05-11 00:00:48.249 [info] > git rev-parse --show-toplevel [19ms]
2024-05-11 00:00:48.267 [info] > git for-each-ref --format=%(refname)%00%(upstream:short)%00%(objectname)%00%(upstream:track)%00%(upstream:remotename)%00%(upstream:remoteref) refs/heads/master refs/remotes/master [10ms]
2024-05-11 00:00:48.276 [info] > git config --get commit.template [28ms]
2024-05-11 00:00:48.285 [info] > git status -z -uall [10ms]
2024-05-11 00:00:48.286 [info] > git rev-parse --git-dir --git-common-dir [20ms]
2024-05-11 00:00:48.290 [info] Open repository: /home/matheuspedroso5931/Tests/test/test_helper/bats-assert
2024-05-11 00:00:48.309 [info] > git for-each-ref --format=%(refname)%00%(upstream:short)%00%(objectname)%00%(upstream:track)%00%(upstream:remotename)%00%(upstream:remoteref) refs/heads/master refs/remotes/master [24ms]
2024-05-11 00:00:48.340 [info] > git rev-parse --show-toplevel [33ms]
2024-05-11 00:00:48.341 [info] > git config --get commit.template [41ms]
2024-05-11 00:00:48.359 [info] > git status -z -uall [42ms]
2024-05-11 00:00:48.359 [info] > git config --get commit.template [20ms]
2024-05-11 00:00:48.376 [info] > git for-each-ref --format=%(refname)%00%(upstream:short)%00%(objectname)%00%(upstream:track)%00%(upstream:remotename)%00%(upstream:remoteref) refs/heads/master refs/remotes/master [18ms]
2024-05-11 00:00:48.386 [info] > git rev-parse --git-dir --git-common-dir [36ms]
2024-05-11 00:00:48.392 [info] Open repository: /home/matheuspedroso5931/Tests/test/test_helper/bats-files
2024-05-11 00:00:48.403 [info] > git status -z -uall [17ms]
2024-05-11 00:00:48.409 [info] > git for-each-ref --format=%(refname)%00%(upstream:short)%00%(objectname)%00%(upstream:track)%00%(upstream:remotename)%00%(upstream:remoteref) refs/heads/master refs/remotes/master [37ms]
2024-05-11 00:00:48.428 [info] > git status -z -uall [11ms]
2024-05-11 00:00:48.428 [info] > git config --get commit.template [27ms]
2024-05-11 00:00:48.442 [info] > git config --get commit.template [15ms]
2024-05-11 00:00:48.451 [info] > git for-each-ref --format=%(refname)%00%(upstream:short)%00%(objectname)%00%(upstream:track)%00%(upstream:remotename)%00%(upstream:remoteref) refs/heads/master refs/remotes/master [10ms]
2024-05-11 00:00:48.463 [info] > git for-each-ref --format=%(refname)%00%(upstream:short)%00%(objectname)%00%(upstream:track)%00%(upstream:remotename)%00%(upstream:remoteref) refs/heads/master refs/remotes/master [12ms]
2024-05-11 00:00:48.476 [info] > git status -z -uall [14ms]
2024-05-11 00:00:48.498 [info] > git status -z -uall [24ms]
2024-05-11 00:00:48.503 [info] > git config --get commit.template [5ms]
2024-05-11 00:00:48.513 [info] > git for-each-ref --format=%(refname)%00%(upstream:short)%00%(objectname)%00%(upstream:track)%00%(upstream:remotename)%00%(upstream:remoteref) refs/heads/master refs/remotes/master [3ms]
2024-05-11 00:00:48.524 [info] > git status -z -uall [4ms]
2024-05-11 00:00:50.787 [info] > git check-ignore -v -z --stdin [45ms]
2024-05-11 00:00:51.275 [info] > git check-ignore -v -z --stdin [4ms]
2024-05-11 00:01:00.801 [info] > git log --format=%H%n%aN%n%aE%n%at%n%ct%n%P%n%D%n%B -z -n120 -- /home/matheuspedroso5931/Tests/2_soma_tres_numero.bash [3ms]
2024-05-11 00:01:00.801 [info] fatal: your current branch 'master' does not have any commits yet
