Initializing document watcher...
Document watcher initialized
/User/settings.json: Using EditorConfig core...
matheuspedroso5931/SO2/Script: {}
matheuspedroso5931/SO2/Script: {}
matheuspedroso5931/SO2/Script: {}
matheuspedroso5931/SO2/Script: Using EditorConfig core...
matheuspedroso5931/SO2/Script: Using EditorConfig core...
matheuspedroso5931/SO2/Script: Using EditorConfig core...
matheuspedroso5931/SO2/Script: {}
matheuspedroso5931/SO2/Script: {}
matheuspedroso5931/SO2/metadeDeNumero: {}
matheuspedroso5931/SO2/metadeDeNumero: {}
matheuspedroso5931/SO2/metadeDeNumero: Using EditorConfig core...
matheuspedroso5931/SO2/metadeDeNumero: {}
matheuspedroso5931/SO2/metadeDeNumero: {}
matheuspedroso5931/SO2/metadeDeNumero.sh: {}
matheuspedroso5931/SO2/metade_Numero.sh: {}
matheuspedroso5931/SO2/metade_numero.sh: {}
matheuspedroso5931/SO2/metade_numero.sh: {}
matheuspedroso5931/SO2/metade_numero.sh: {}
matheuspedroso5931/SO2/metade_numero.sh: {}
matheuspedroso5931/SO2/metade_numero.sh: {}
matheuspedroso5931/SO2/metade_numero.sh: {}
matheuspedroso5931/SO2/metade_numero.sh: {}
matheuspedroso5931/SO2/metade_numero.sh: {}
matheuspedroso5931/SO2/metade_numero.sh: {}
matheuspedroso5931/SO2/metade_numero.sh: Using EditorConfig core...
matheuspedroso5931/SO2/metade_numero.sh: Using EditorConfig core...
matheuspedroso5931/SO2/metade_numero.sh: {}
matheuspedroso5931/SO2/metade_numero.sh: {}
matheuspedroso5931/soma_tres_numeros.sh: {}
matheuspedroso5931/SO2/soma_tres_numeros.sh: {}
matheuspedroso5931/SO2/soma_tres_numeros.sh: {}
matheuspedroso5931/SO2/soma_tres_numeros.sh: {}
matheuspedroso5931/SO2/soma_tres_numeros.sh: {}
matheuspedroso5931/SO2/soma_tres_numeros.sh: {}
matheuspedroso5931/SO2/soma_tres_numeros.sh: Using EditorConfig core...
matheuspedroso5931/SO2/soma_tres_numeros.sh: {}
matheuspedroso5931/SO2/soma_tres_numeros.sh: {}
matheuspedroso5931/SO2/soma_tres_numeros.sh: {}
matheuspedroso5931/SO2/3_media_quatro_numeros.sh: {}
matheuspedroso5931/SO2/3_media_quatro_numeros.sh: {}
matheuspedroso5931/SO2/3_media_quatro_numeros.sh: {}
matheuspedroso5931/SO2/3_media_quatro_numeros.sh: Using EditorConfig core...
matheuspedroso5931/SO2/3_media_quatro_numeros.sh: {}
No more open editors.
matheuspedroso5931/SO2/4_: {}
matheuspedroso5931/SO2/4_cacula_area.sh: {}
matheuspedroso5931/SO2/4_cacula_area.sh: {}
matheuspedroso5931/SO2/4_cacula_area.sh: Using EditorConfig core...
matheuspedroso5931/SO2/4_cacula_area.sh: {}
matheuspedroso5931/SO2/4_cacula_area.sh: {}
matheuspedroso5931/SO2/5_: {}
matheuspedroso5931/SO2/5_: {}
matheuspedroso5931/SO2/5_calcula_circulo.sh: {}
matheuspedroso5931/SO2/4_cacula_area.sh: {}
matheuspedroso5931/SO2/4_calcula_area.sh: {}
matheuspedroso5931/SO2/5_calcula_circulo.sh: {}
matheuspedroso5931/SO2/5_calcula_circulo.sh: {}
matheuspedroso5931/SO2/5_calcula_circulo.sh: Using EditorConfig core...
matheuspedroso5931/SO2/5_calcula_circulo.sh: {}
matheuspedroso5931/SO2/5_calcula_circulo.sh: {}
matheuspedroso5931/SO2/5_calcula_circulo.sh: {}
matheuspedroso5931/SO2/5_calcula_circulo.sh: {}
matheuspedroso5931/SO2/5_calcula_circulo.sh: {}
matheuspedroso5931/SO2/6_recebe_numero_tabuada.sh: {}
matheuspedroso5931/SO2/6_recebe_numero_tabuada.sh: {}
matheuspedroso5931/SO2/6_recebe_numero_tabuada.sh: Using EditorConfig core...
matheuspedroso5931/SO2/6_recebe_numero_tabuada.sh: {}
matheuspedroso5931/SO2/7_formula_baskhara: {}
matheuspedroso5931/SO2/7_formula_baskhara: {}
matheuspedroso5931/SO2/7_formula_baskhara: {}
matheuspedroso5931/SO2/7_formula_baskara: {}
matheuspedroso5931/SO2/7_formula_baskara: {}
matheuspedroso5931/SO2/7_formula_bhaskara: {}
matheuspedroso5931/SO2/7_formula_bhaskara: {}
matheuspedroso5931/README-cloudshell.txt: {}
matheuspedroso5931/SO2/7_formula_bhaskara: {}
matheuspedroso5931/SO2/7_formula_bhaskara.sh: {}
matheuspedroso5931/SO2/7_formula_bhaskara: Using EditorConfig core...
matheuspedroso5931/SO2/7_formula_bhaskara.sh: {}
matheuspedroso5931/SO2/7_formula_bhaskara.sh: Using EditorConfig core...
matheuspedroso5931/SO2/7_formula_bhaskara: {}
matheuspedroso5931/SO2/7_formula_bhaskara.sh: {}
matheuspedroso5931/SO2/7_formula_bhaskara.sh: {}
matheuspedroso5931/SO2/7_formula_bhaskara.sh: {}
matheuspedroso5931/SO2/7_formula_bhaskara.sh: Using EditorConfig core...
matheuspedroso5931/SO2/7_formula_bhaskara.sh: {}
matheuspedroso5931/SO2/7_formula_bhaskara.sh: {}
matheuspedroso5931/SO2/7_formula_bhaskara.sh: Using EditorConfig core...
matheuspedroso5931/SO2/7_formula_bhaskara.sh: {}
matheuspedroso5931/SO2/7_formula_bhaskara.sh: {}
matheuspedroso5931/SO2/7_formula_bhaskara.sh: {}
matheuspedroso5931/SO2/7_formula_bhaskara.sh: {}
matheuspedroso5931/Tests/1_metade_numero.bash: {}
matheuspedroso5931/Tests/1_metade_numero.bash: Using EditorConfig core...
matheuspedroso5931/Tests/1_metade_numero.bash: {}
matheuspedroso5931/Tests/1_metade_numero.bash: Using EditorConfig core...
matheuspedroso5931/Tests/1_metade_numero.bash: Using EditorConfig core...
matheuspedroso5931/Tests/1_metade_numero.bash: Using EditorConfig core...
matheuspedroso5931/Tests/1_metade_numero.bash: Using EditorConfig core...
matheuspedroso5931/Tests/1_metade_numero.bash: Using EditorConfig core...
matheuspedroso5931/Tests/1_metade_numero.bash: {}
matheuspedroso5931/Tests/1_metade_numero.bash: {}
matheuspedroso5931/Tests/1_metade_numero.bash: {}
matheuspedroso5931/Tests/1_metade_numero.bash: {}
matheuspedroso5931/Tests/1_metade_numero.bash: Using EditorConfig core...
matheuspedroso5931/Tests/1_metade_numero.bash: {}
matheuspedroso5931/Tests/1_metade_numero.bash: {}
matheuspedroso5931/Tests/1_metade_numero.bash: Using EditorConfig core...
matheuspedroso5931/Tests/1_metade_numero.bash: Using EditorConfig core...
matheuspedroso5931/Tests/1_metade_numero.bash: Using EditorConfig core...
matheuspedroso5931/Tests/1_metade_numero.bash: Using EditorConfig core...
matheuspedroso5931/Tests/1_metade_numero.bash: Using EditorConfig core...
matheuspedroso5931/Tests/1_metade_numero.bash: {}
matheuspedroso5931/Tests/1_metade_numero.bash: {}
matheuspedroso5931/Tests/1_metade_numero.bash: {}
matheuspedroso5931/Tests/1_metade_numero.bash: Using EditorConfig core...
matheuspedroso5931/Tests/1_metade_numero.bash: {}
matheuspedroso5931/Tests/1_metade_numero.bash: Using EditorConfig core...
matheuspedroso5931/Tests/1_metade_numero.bash: {}
matheuspedroso5931/Tests/1_metade_numero.bash: Using EditorConfig core...
matheuspedroso5931/Tests/1_metade_numero.bash: {}
matheuspedroso5931/Tests/1_metade_numero.bash: {}
matheuspedroso5931/Tests/1_metade_numero.bash: {}
matheuspedroso5931/Tests/1_metade_numero.bash: {}
matheuspedroso5931/Tests/1_metade_numero.bash: {}
matheuspedroso5931/Tests/1_metade_numero.bash: {}
matheuspedroso5931/src/1_metade_numero.sh: {}
matheuspedroso5931/src/1_metade_numero.sh: Using EditorConfig core...
matheuspedroso5931/Tests/1_metade_numero.bash: {}
matheuspedroso5931/Tests/1_metade_numero.bash: {}
matheuspedroso5931/Tests/1_metade_numero.bash: Using EditorConfig core...
matheuspedroso5931/Tests/1_metade_numero.bash: {}
matheuspedroso5931/Tests/1_metade_numero.bash: Using EditorConfig core...
matheuspedroso5931/Tests/1_metade_numero.bash: {}
matheuspedroso5931/Tests/1_metade_numero.bash: {}
matheuspedroso5931/Tests/1_metade_numero.bash: {}
matheuspedroso5931/Tests/1_metade_numero.bash: Using EditorConfig core...
matheuspedroso5931/Tests/1_metade_numero.bash: {}
matheuspedroso5931/Tests/1_metade_numero.bash: Using EditorConfig core...
matheuspedroso5931/src/1_metade_numero.sh: {}
matheuspedroso5931/src/1_metade_numero.sh: {}
matheuspedroso5931/src/1_metade_numero.sh: Using EditorConfig core...
matheuspedroso5931/src/1_metade_numero.sh: {}
matheuspedroso5931/Tests/1_metade_numero.bash: {}
matheuspedroso5931/Tests/1_metade_numero.bash: Using EditorConfig core...
matheuspedroso5931/Tests/1_metade_numero.bash: {}
matheuspedroso5931/Tests/1_metade_numero.bash: Using EditorConfig core...
matheuspedroso5931/Tests/1_metade_numero.bash: Using EditorConfig core...
matheuspedroso5931/Tests/1_metade_numero.bash: Using EditorConfig core...
matheuspedroso5931/Tests/1_metade_numero.bash: {}
matheuspedroso5931/Tests/1_metade_numero.bash: {}
matheuspedroso5931/src/1_metade_numero.sh: {}
matheuspedroso5931/src/1_metade_numero.sh: {}
matheuspedroso5931/Tests/1_metade_numero.bash: {}
matheuspedroso5931/Tests/1_metade_numero.bash: Using EditorConfig core...
matheuspedroso5931/Tests/1_metade_numero.bash: {}
matheuspedroso5931/Tests/1_metade_numero.bash: Using EditorConfig core...
matheuspedroso5931/Tests/1_metade_numero.bash: {}
matheuspedroso5931/Tests/1_metade_numero.bash: {}
matheuspedroso5931/Tests/1_metade_numero.bash: {}
matheuspedroso5931/Tests/test/1_metade_numero.bash: {}
matheuspedroso5931/Tests/test/1_metade_numero.bash: {}
matheuspedroso5931/Tests/test/1_metade_numero.bash: {}
matheuspedroso5931/src/7_formula_bhaskara.sh: {}
matheuspedroso5931/src/7_formula_bhaskara.sh: {}
matheuspedroso5931/Tests/test/1_metade_numero.bash: {}
matheuspedroso5931/Tests/test/1_metade_numero.bash: {}
matheuspedroso5931/Tests/test/1_metade_numero.bash: {}
matheuspedroso5931/Tests/test/1_metade_numero.bash: {}
matheuspedroso5931/Tests/test/1_metade_numero.bash: Using EditorConfig core...
matheuspedroso5931/Tests/test/1_metade_numero.bash: Using EditorConfig core...
matheuspedroso5931/Tests/test/1_metade_numero.bash: Using EditorConfig core...
matheuspedroso5931/Tests/test/1_metade_numero.bash: Using EditorConfig core...
matheuspedroso5931/Tests/test/1_metade_numero.bash: Using EditorConfig core...
matheuspedroso5931/Tests/test/1_metade_numero.bash: Using EditorConfig core...
matheuspedroso5931/Tests/test/1_metade_numero.bash: Using EditorConfig core...
matheuspedroso5931/Tests/test/1_metade_numero.bash: Using EditorConfig core...
matheuspedroso5931/Tests/test/1_metade_numero.bash: Using EditorConfig core...
matheuspedroso5931/Tests/test/1_metade_numero.bash: Using EditorConfig core...
matheuspedroso5931/Tests/test/1_metade_numero.bash: Using EditorConfig core...
matheuspedroso5931/Tests/test/1_metade_numero.bash: Using EditorConfig core...
matheuspedroso5931/Tests/test/1_metade_numero.bash: Using EditorConfig core...
matheuspedroso5931/Tests/test/1_metade_numero.bash: {}
matheuspedroso5931/Tests/test/1_metade_numero.bash: {}
matheuspedroso5931/Tests/test/1_metade_numero.bash: {}
matheuspedroso5931/Tests/test/1_metade_numero.bash: {}
matheuspedroso5931/Tests/test/1_metade_numero.bash: Using EditorConfig core...
matheuspedroso5931/Tests/test/1_metade_numero.bash: {}
matheuspedroso5931/Tests/test/1_metade_numero.bash: {}
matheuspedroso5931/Tests/1_metade_numero.bash: {}
matheuspedroso5931/Tests/2_soma_tres_numero.bash: {}
matheuspedroso5931/Tests/2_soma_tres_numero.bash: {}
matheuspedroso5931/Tests/2_soma_tres_numero.bash: {}
matheuspedroso5931/Tests/2_soma_tres_numero.bash: {}
matheuspedroso5931/Tests/1_metade_numero.bash: {}
matheuspedroso5931/Tests/1_metade_numero.bash: {}
matheuspedroso5931/Tests/1_metade_numero.bash: {}
matheuspedroso5931/src/2_soma_tres_numeros.sh: {}
matheuspedroso5931/src/2_soma_tres_numeros.sh: {}
matheuspedroso5931/Tests/1_metade_numero.bash: {}
matheuspedroso5931/Tests/1_metade_numero.bash: {}
matheuspedroso5931/Tests/1_metade_numero.bash: {}
matheuspedroso5931/Tests/2_soma_tres_numero.bash: {}
matheuspedroso5931/Tests/2_soma_tres_numero.bash: Using EditorConfig core...
matheuspedroso5931/src/2_soma_tres_numeros.sh: {}
matheuspedroso5931/Tests/2_soma_tres_numero.bash: {}
matheuspedroso5931/Tests/2_soma_tres_numero.bash: Using EditorConfig core...
matheuspedroso5931/Tests/2_soma_tres_numero.bash: Using EditorConfig core...
matheuspedroso5931/Tests/2_soma_tres_numero.bash: Using EditorConfig core...
matheuspedroso5931/Tests/2_soma_tres_numero.bash: Using EditorConfig core...
matheuspedroso5931/Tests/2_soma_tres_numero.bash: Using EditorConfig core...
matheuspedroso5931/Tests/2_soma_tres_numero.bash: Using EditorConfig core...
matheuspedroso5931/Tests/2_soma_tres_numero.bash: Using EditorConfig core...
matheuspedroso5931/Tests/2_soma_tres_numero.bash: Using EditorConfig core...
matheuspedroso5931/Tests/2_soma_tres_numero.bash: {}
matheuspedroso5931/src/2_soma_tres_numeros.sh: {}
matheuspedroso5931/src/1_metade_numero.sh: {}
matheuspedroso5931/src/2_soma_tres_numeros.sh: {}
matheuspedroso5931/src/2_soma_tres_numeros.sh: {}
matheuspedroso5931/src/2_soma_tres_numeros.sh: Using EditorConfig core...
matheuspedroso5931/Tests/2_soma_tres_numero.bash: {}
matheuspedroso5931/Tests/2_soma_tres_numero.bash: Using EditorConfig core...
matheuspedroso5931/Tests/2_soma_tres_numero.bash: Using EditorConfig core...
matheuspedroso5931/src/2_soma_tres_numeros.sh: {}
matheuspedroso5931/Tests/2_soma_tres_numero.bash: {}
matheuspedroso5931/Tests/2_soma_tres_numero.bash: {}
matheuspedroso5931/Tests/2_soma_tres_numero.bash: Using EditorConfig core...
matheuspedroso5931/Tests/2_soma_tres_numero.bash: Using EditorConfig core...
matheuspedroso5931/Tests/2_soma_tres_numero.bash: {}
matheuspedroso5931/Tests/2_soma_tres_numero.bash: {}
matheuspedroso5931/Tests/2_soma_tres_numero.bash: {}
matheuspedroso5931/src/3_media_quatro_numeros.sh: {}
matheuspedroso5931/src/3_media_quatro_numeros.sh: {}
matheuspedroso5931/src/3_media_quatro_numeros.sh: Using EditorConfig core...
matheuspedroso5931/Tests/3_media_quatro_numeros.bash: {}
matheuspedroso5931/src/3_media_quatro_numeros.sh: {}
matheuspedroso5931/Tests/3_media_quatro_numeros.bash: {}
matheuspedroso5931/Tests/2_soma_tres_numero.bash: {}
matheuspedroso5931/Tests/3_media_quatro_numeros.bash: {}
matheuspedroso5931/Tests/3_media_quatro_numeros.bash: Using EditorConfig core...
matheuspedroso5931/Tests/3_media_quatro_numeros.bash: Using EditorConfig core...
matheuspedroso5931/Tests/3_media_quatro_numeros.bash: Using EditorConfig core...
matheuspedroso5931/Tests/3_media_quatro_numeros.bash: Using EditorConfig core...
matheuspedroso5931/Tests/3_media_quatro_numeros.bash: Using EditorConfig core...
matheuspedroso5931/Tests/3_media_quatro_numeros.bash: Using EditorConfig core...
matheuspedroso5931/Tests/3_media_quatro_numeros.bash: Using EditorConfig core...
matheuspedroso5931/Tests/3_media_quatro_numeros.bash: Using EditorConfig core...
matheuspedroso5931/Tests/3_media_quatro_numeros.bash: Using EditorConfig core...
matheuspedroso5931/Tests/3_media_quatro_numeros.bash: Using EditorConfig core...
matheuspedroso5931/Tests/3_media_quatro_numeros.bash: Using EditorConfig core...
matheuspedroso5931/Tests/3_media_quatro_numeros.bash: Using EditorConfig core...
matheuspedroso5931/Tests/3_media_quatro_numeros.bash: {}
matheuspedroso5931/Tests/3_media_quatro_numeros.bash: Using EditorConfig core...
matheuspedroso5931/Tests/3_media_quatro_numeros.bash: Using EditorConfig core...
matheuspedroso5931/Tests/3_media_quatro_numeros.bash: Using EditorConfig core...
matheuspedroso5931/Tests/3_media_quatro_numeros.bash: Using EditorConfig core...
matheuspedroso5931/Tests/3_media_quatro_numeros.bash: Using EditorConfig core...
matheuspedroso5931/Tests/3_media_quatro_numeros.bash: {}
matheuspedroso5931/Tests/3_media_quatro_numeros.bash: {}
matheuspedroso5931/Tests/3_media_quatro_numeros.bash: {}
matheuspedroso5931/Tests/4_calcula_area.bash: {}
matheuspedroso5931/Tests/4_calcula_area.bash: {}
matheuspedroso5931/src/4_calcula_area.sh: {}
matheuspedroso5931/src/4_calcula_area.sh: {}
matheuspedroso5931/src/4_calcula_area.sh: Using EditorConfig core...
matheuspedroso5931/src/4_calcula_area.sh: {}
matheuspedroso5931/src/4_calcula_area.sh: {}
matheuspedroso5931/Tests/4_calcula_area.bash: {}
matheuspedroso5931/Tests/3_media_quatro_numeros.bash: {}
matheuspedroso5931/Tests/4_calcula_area.bash: {}
matheuspedroso5931/Tests/4_calcula_area.bash: Using EditorConfig core...
matheuspedroso5931/Tests/4_calcula_area.bash: Using EditorConfig core...
matheuspedroso5931/Tests/4_calcula_area.bash: Using EditorConfig core...
matheuspedroso5931/Tests/4_calcula_area.bash: Using EditorConfig core...
matheuspedroso5931/Tests/4_calcula_area.bash: Using EditorConfig core...
matheuspedroso5931/Tests/4_calcula_area.bash: {}
matheuspedroso5931/Tests/4_calcula_area.bash: Using EditorConfig core...
matheuspedroso5931/Tests/3_media_quatro_numeros.bash: {}
matheuspedroso5931/Tests/3_media_quatro_numeros.bash: Using EditorConfig core...
matheuspedroso5931/Tests/3_media_quatro_numeros.bash: Using EditorConfig core...
matheuspedroso5931/Tests/3_media_quatro_numeros.bash: Using EditorConfig core...
matheuspedroso5931/Tests/3_media_quatro_numeros.bash: {}
matheuspedroso5931/Tests/2_soma_tres_numero.bash: {}
matheuspedroso5931/Tests/2_soma_tres_numero.bash: Using EditorConfig core...
matheuspedroso5931/Tests/2_soma_tres_numero.bash: Using EditorConfig core...
matheuspedroso5931/Tests/2_soma_tres_numero.bash: Using EditorConfig core...
matheuspedroso5931/Tests/3_media_quatro_numeros.bash: {}
matheuspedroso5931/Tests/3_media_quatro_numeros.bash: Using EditorConfig core...
matheuspedroso5931/Tests/2_soma_tres_numero.bash: {}
matheuspedroso5931/Tests/2_soma_tres_numero.bash: Using EditorConfig core...
matheuspedroso5931/Tests/2_soma_tres_numero.bash: Using EditorConfig core...
matheuspedroso5931/Tests/2_soma_tres_numero.bash: Using EditorConfig core...
matheuspedroso5931/Tests/2_soma_tres_numero.bash: Using EditorConfig core...
matheuspedroso5931/Tests/2_soma_tres_numero.bash: Using EditorConfig core...
matheuspedroso5931/Tests/2_soma_tres_numero.bash: Using EditorConfig core...
matheuspedroso5931/Tests/2_soma_tres_numero.bash: Using EditorConfig core...
matheuspedroso5931/Tests/2_soma_tres_numero.bash: Using EditorConfig core...
matheuspedroso5931/Tests/4_calcula_area.bash: {}
matheuspedroso5931/Tests/4_calcula_area.bash: Using EditorConfig core...
matheuspedroso5931/Tests/4_calcula_area.bash: Using EditorConfig core...
matheuspedroso5931/Tests/4_calcula_area.bash: Using EditorConfig core...
matheuspedroso5931/Tests/4_calcula_area.bash: Using EditorConfig core...
matheuspedroso5931/Tests/4_calcula_area.bash: Using EditorConfig core...
matheuspedroso5931/Tests/3_media_quatro_numeros.bash: {}
matheuspedroso5931/Tests/4_calcula_area.bash: {}
matheuspedroso5931/src/4_calcula_area.sh: {}
matheuspedroso5931/Tests/4_calcula_area.bash: {}
matheuspedroso5931/Tests/4_calcula_area.bash: {}
matheuspedroso5931/Tests/4_calcula_area.bash: Using EditorConfig core...
matheuspedroso5931/Tests/2_soma_tres_numero.bash: {}
matheuspedroso5931/Tests/5_calcula_circulo.bash: {}
matheuspedroso5931/Tests/4_calcula_area.bash: {}
matheuspedroso5931/src/4_calcula_area.sh: {}
matheuspedroso5931/Tests/4_calcula_area.bash: {}
matheuspedroso5931/Tests/5_calcula_circulo.bash: {}
matheuspedroso5931/Tests/5_calcula_circulo.bash: Using EditorConfig core...
matheuspedroso5931/Tests/5_calcula_circulo.bash: Using EditorConfig core...
matheuspedroso5931/Tests/5_calcula_circulo.bash: Using EditorConfig core...
matheuspedroso5931/Tests/5_calcula_circulo.bash: Using EditorConfig core...
matheuspedroso5931/Tests/5_calcula_circulo.bash: Using EditorConfig core...
matheuspedroso5931/Tests/5_calcula_circulo.bash: Using EditorConfig core...
matheuspedroso5931/Tests/5_calcula_circulo.bash: Using EditorConfig core...
matheuspedroso5931/Tests/5_calcula_circulo.bash: Using EditorConfig core...
matheuspedroso5931/Tests/5_calcula_circulo.bash: Using EditorConfig core...
matheuspedroso5931/src/5_calcula_circulo.sh: {}
matheuspedroso5931/src/5_calcula_circulo.sh: {}
matheuspedroso5931/src/5_calcula_circulo.sh: {}
matheuspedroso5931/src/5_calcula_circulo.sh: Using EditorConfig core...
matheuspedroso5931/Tests/5_calcula_circulo.bash: {}
matheuspedroso5931/src/5_calcula_circulo.sh: {}
matheuspedroso5931/Tests/5_calcula_circulo.bash: {}
matheuspedroso5931/Tests/5_calcula_circulo.bash: Using EditorConfig core...
matheuspedroso5931/Tests/5_calcula_circulo.bash: {}
matheuspedroso5931/Tests/5_calcula_circulo.bash: Using EditorConfig core...
matheuspedroso5931/Tests/2_soma_tres_numero.bash: {}
matheuspedroso5931/Tests/6_recebe_numero_tabuada.bash: {}
matheuspedroso5931/Tests/5_calcula_circulo.bash: {}
matheuspedroso5931/Tests/6_recebe_numero_tabuada.bash: {}
matheuspedroso5931/Tests/6_recebe_numero_tabuada.bash: Using EditorConfig core...
matheuspedroso5931/src/6_recebe_numero_tabuada.sh: {}
matheuspedroso5931/src/5_calcula_circulo.sh: {}
matheuspedroso5931/src/6_recebe_numero_tabuada.sh: {}
matheuspedroso5931/src/6_recebe_numero_tabuada.sh: {}
matheuspedroso5931/src/6_recebe_numero_tabuada.sh: Using EditorConfig core...
matheuspedroso5931/src/5_calcula_circulo.sh: {}
matheuspedroso5931/Tests/6_recebe_numero_tabuada.bash: {}
matheuspedroso5931/Tests/6_recebe_numero_tabuada.bash: Using EditorConfig core...
matheuspedroso5931/Tests/6_recebe_numero_tabuada.bash: Using EditorConfig core...
matheuspedroso5931/src/6_recebe_numero_tabuada.sh: {}
matheuspedroso5931/Tests/6_recebe_numero_tabuada.bash: {}
matheuspedroso5931/Tests/6_recebe_numero_tabuada.bash: Using EditorConfig core...
matheuspedroso5931/Tests/6_recebe_numero_tabuada.bash: Using EditorConfig core...
matheuspedroso5931/Tests/6_recebe_numero_tabuada.bash: Using EditorConfig core...
matheuspedroso5931/Tests/6_recebe_numero_tabuada.bash: Using EditorConfig core...
matheuspedroso5931/Tests/6_recebe_numero_tabuada.bash: {}
matheuspedroso5931/Tests/6_recebe_numero_tabuada.bash: Using EditorConfig core...
matheuspedroso5931/Tests/6_recebe_numero_tabuada.bash: Using EditorConfig core...
matheuspedroso5931/Tests/6_recebe_numero_tabuada.bash: Using EditorConfig core...
matheuspedroso5931/Tests/6_recebe_numero_tabuada.bash: Using EditorConfig core...
matheuspedroso5931/Tests/6_recebe_numero_tabuada.bash: Using EditorConfig core...
matheuspedroso5931/src/5_calcula_circulo.sh: {}
matheuspedroso5931/Tests/6_recebe_numero_tabuada.bash: {}
matheuspedroso5931/Tests/7_formula_bhaskara.bash: {}
